<?xml version="1.0" encoding="UTF-8" ?>
<testsuite errors="1" failures="0" hostname="macbook-pro-de-kaan.home" name="test.com.puck.reader.xml.ReaderTest" skipped="0" tests="1" time="0.0" timestamp="2018-05-11T04:22:46">
  <properties>
    <property name="java.vendor" value="Oracle Corporation" />
    <property name="sun.java.launcher" value="SUN_STANDARD" />
    <property name="env.XPC_SERVICE_NAME" value="com.jetbrains.intellij.36036" />
    <property name="sun.management.compiler" value="HotSpot 64-Bit Tiered Compilers" />
    <property name="os.name" value="Mac OS X" />
    <property name="ant.file.type.upmc-pstl" value="file" />
    <property name="sun.boot.class.path" value="/Library/Java/JavaVirtualMachines/jdk1.8.0_121.jdk/Contents/Home/jre/lib/resources.jar:/Library/Java/JavaVirtualMachines/jdk1.8.0_121.jdk/Contents/Home/jre/lib/rt.jar:/Library/Java/JavaVirtualMachines/jdk1.8.0_121.jdk/Contents/Home/jre/lib/sunrsasign.jar:/Library/Java/JavaVirtualMachines/jdk1.8.0_121.jdk/Contents/Home/jre/lib/jsse.jar:/Library/Java/JavaVirtualMachines/jdk1.8.0_121.jdk/Contents/Home/jre/lib/jce.jar:/Library/Java/JavaVirtualMachines/jdk1.8.0_121.jdk/Contents/Home/jre/lib/charsets.jar:/Library/Java/JavaVirtualMachines/jdk1.8.0_121.jdk/Contents/Home/jre/lib/jfr.jar:/Library/Java/JavaVirtualMachines/jdk1.8.0_121.jdk/Contents/Home/jre/classes" />
    <property name="env.TMPDIR" value="/var/folders/6q/2h15fgdx02n1x0l52hhh4z7r0000gn/T/" />
    <property name="env.PWD" value="/Users/ky/IdeaProjects/pstl-upmc" />
    <property name="java.vm.specification.vendor" value="Oracle Corporation" />
    <property name="ant.home" value="/Applications/IntelliJ IDEA.app/Contents/lib/ant" />
    <property name="java.runtime.version" value="1.8.0_121-b13" />
    <property name="env.Apple_PubSub_Socket_Render" value="/private/tmp/com.apple.launchd.cLQDcWl9E3/Render" />
    <property name="env.DISPLAY" value="/private/tmp/com.apple.launchd.QRiuK2M17k/org.macosforge.xquartz:0" />
    <property name="user.name" value="ky" />
    <property name="user.language.format" value="en" />
    <property name="env.USER" value="ky" />
    <property name="env.SHELL" value="/usr/local/bin/fish" />
    <property name="env.__CF_USER_TEXT_ENCODING" value="0x1F5:0x0:0x1" />
    <property name="env.JAVA_MAIN_CLASS_6538" value="com.intellij.rt.ant.execution.AntMain2" />
    <property name="env.PATH" value="/Users/ky/google-cloud-sdk/bin:/usr/local/bin:/usr/bin:/bin:/usr/sbin:/sbin:/opt/X11/bin:/usr/local/share/dotnet:/usr/local/go/bin:/Library/Frameworks/Mono.framework/Versions/Current/Commands:/Library/TeX/texbin" />
    <property name="user.language" value="fr" />
    <property name="sun.boot.library.path" value="/Library/Java/JavaVirtualMachines/jdk1.8.0_121.jdk/Contents/Home/jre/lib" />
    <property name="ant.project.default-target" value="build" />
    <property name="env.XPC_FLAGS" value="0x0" />
    <property name="ant.project.name" value="upmc-pstl" />
    <property name="env.LC_CTYPE" value="en_US.UTF-8" />
    <property name="java.version" value="1.8.0_121" />
    <property name="user.timezone" value="" />
    <property name="sun.arch.data.model" value="64" />
    <property name="http.nonProxyHosts" value="local|*.local|169.254/16|*.169.254/16" />
    <property name="java.endorsed.dirs" value="/Library/Java/JavaVirtualMachines/jdk1.8.0_121.jdk/Contents/Home/jre/lib/endorsed" />
    <property name="sun.cpu.isalist" value="" />
    <property name="sun.jnu.encoding" value="UTF-8" />
    <property name="file.encoding.pkg" value="sun.io" />
    <property name="ECLIPSE_HOME" value="../../../../../Volumes/Eclipse/Eclipse.app/Contents/Eclipse/" />
    <property name="file.separator" value="/" />
    <property name="java.specification.name" value="Java Platform API Specification" />
    <property name="java.class.version" value="52.0" />
    <property name="user.country" value="FR" />
    <property name="java.home" value="/Library/Java/JavaVirtualMachines/jdk1.8.0_121.jdk/Contents/Home/jre" />
    <property name="java.vm.info" value="mixed mode" />
    <property name="env.LOGNAME" value="ky" />
    <property name="ant.file" value="/Users/ky/IdeaProjects/pstl-upmc/build.xml" />
    <property name="os.version" value="10.13.4" />
    <property name="env.VERSIONER_PYTHON_PREFER_32_BIT" value="no" />
    <property name="path.separator" value=":" />
    <property name="java.vm.version" value="25.121-b13" />
    <property name="ant.library.dir" value="/Applications/IntelliJ IDEA.app/Contents/lib/ant/lib" />
    <property name="junit.output.dir" value="junit" />
    <property name="java.awt.printerjob" value="sun.lwawt.macosx.CPrinterJob" />
    <property name="sun.io.unicode.encoding" value="UnicodeBig" />
    <property name="awt.toolkit" value="sun.lwawt.macosx.LWCToolkit" />
    <property name="socksNonProxyHosts" value="local|*.local|169.254/16|*.169.254/16" />
    <property name="ftp.nonProxyHosts" value="local|*.local|169.254/16|*.169.254/16" />
    <property name="user.home" value="/Users/ky" />
    <property name="env.VERSIONER_PYTHON_VERSION" value="2.7" />
    <property name="target" value="1.8" />
    <property name="java.specification.vendor" value="Oracle Corporation" />
    <property name="java.library.path" value="/Users/ky/Library/Java/Extensions:/Library/Java/Extensions:/Network/Library/Java/Extensions:/System/Library/Java/Extensions:/usr/lib/java:." />
    <property name="java.vendor.url" value="http://java.oracle.com/" />
    <property name="java.vm.vendor" value="Oracle Corporation" />
    <property name="gopherProxySet" value="false" />
    <property name="java.runtime.name" value="Java(TM) SE Runtime Environment" />
    <property name="sun.java.command" value="com.intellij.rt.ant.execution.AntMain2 -logger com.intellij.rt.ant.execution.IdeaAntLogger2 -inputhandler com.intellij.rt.ant.execution.IdeaInputHandler -buildfile /Users/ky/IdeaProjects/pstl-upmc/build.xml unitTest" />
    <property name="java.class.path" value="/Library/Java/JavaVirtualMachines/jdk1.8.0_121.jdk/Contents/Home/lib/ant-javafx.jar:/Library/Java/JavaVirtualMachines/jdk1.8.0_121.jdk/Contents/Home/lib/dt.jar:/Library/Java/JavaVirtualMachines/jdk1.8.0_121.jdk/Contents/Home/lib/javafx-mx.jar:/Library/Java/JavaVirtualMachines/jdk1.8.0_121.jdk/Contents/Home/lib/jconsole.jar:/Library/Java/JavaVirtualMachines/jdk1.8.0_121.jdk/Contents/Home/lib/packager.jar:/Library/Java/JavaVirtualMachines/jdk1.8.0_121.jdk/Contents/Home/lib/sa-jdi.jar:/Library/Java/JavaVirtualMachines/jdk1.8.0_121.jdk/Contents/Home/lib/tools.jar:/Applications/IntelliJ IDEA.app/Contents/lib/ant/lib/ant-commons-net.jar:/Applications/IntelliJ IDEA.app/Contents/lib/ant/lib/ant-junit4.jar:/Applications/IntelliJ IDEA.app/Contents/lib/ant/lib/ant-jai.jar:/Applications/IntelliJ IDEA.app/Contents/lib/ant/lib/ant-apache-resolver.jar:/Applications/IntelliJ IDEA.app/Contents/lib/ant/lib/ant-jdepend.jar:/Applications/IntelliJ IDEA.app/Contents/lib/ant/lib/ant-apache-regexp.jar:/Applications/IntelliJ IDEA.app/Contents/lib/ant/lib/ant-apache-log4j.jar:/Applications/IntelliJ IDEA.app/Contents/lib/ant/lib/ant-javamail.jar:/Applications/IntelliJ IDEA.app/Contents/lib/ant/lib/ant-apache-bcel.jar:/Applications/IntelliJ IDEA.app/Contents/lib/ant/lib/ant.jar:/Applications/IntelliJ IDEA.app/Contents/lib/ant/lib/ant-netrexx.jar:/Applications/IntelliJ IDEA.app/Contents/lib/ant/lib/ant-swing.jar:/Applications/IntelliJ IDEA.app/Contents/lib/ant/lib/ant-jsch.jar:/Applications/IntelliJ IDEA.app/Contents/lib/ant/lib/ant-junit.jar:/Applications/IntelliJ IDEA.app/Contents/lib/ant/lib/ant-launcher.jar:/Applications/IntelliJ IDEA.app/Contents/lib/ant/lib/ant-antlr.jar:/Applications/IntelliJ IDEA.app/Contents/lib/ant/lib/ant-testutil.jar:/Applications/IntelliJ IDEA.app/Contents/lib/ant/lib/ant-apache-oro.jar:/Applications/IntelliJ IDEA.app/Contents/lib/ant/lib/ant-jmf.jar:/Applications/IntelliJ IDEA.app/Contents/lib/ant/lib/ant-apache-xalan2.jar:/Applications/IntelliJ IDEA.app/Contents/lib/ant/lib/ant-apache-bsf.jar:/Applications/IntelliJ IDEA.app/Contents/lib/ant/lib/ant-commons-logging.jar:/Applications/IntelliJ IDEA.app/Contents/lib/idea_rt.jar" />
    <property name="ant.version" value="Apache Ant(TM) version 1.9.4 compiled on April 29 2014" />
    <property name="java.vm.specification.name" value="Java Virtual Machine Specification" />
    <property name="ant.file.type" value="file" />
    <property name="java.vm.specification.version" value="1.8" />
    <property name="sun.os.patch.level" value="unknown" />
    <property name="sun.cpu.endian" value="little" />
    <property name="env.HOME" value="/Users/ky" />
    <property name="debuglevel" value="source,lines,vars" />
    <property name="java.io.tmpdir" value="/var/folders/6q/2h15fgdx02n1x0l52hhh4z7r0000gn/T/" />
    <property name="java.vendor.url.bug" value="http://bugreport.sun.com/bugreport/" />
    <property name="ant.file.upmc-pstl" value="/Users/ky/IdeaProjects/pstl-upmc/build.xml" />
    <property name="env.SSH_AUTH_SOCK" value="/private/tmp/com.apple.launchd.0wq0no2VYI/Listeners" />
    <property name="os.arch" value="x86_64" />
    <property name="java.awt.graphicsenv" value="sun.awt.CGraphicsEnvironment" />
    <property name="java.ext.dirs" value="/Users/ky/Library/Java/Extensions:/Library/Java/JavaVirtualMachines/jdk1.8.0_121.jdk/Contents/Home/jre/lib/ext:/Library/Java/Extensions:/Network/Library/Java/Extensions:/System/Library/Java/Extensions:/usr/lib/java" />
    <property name="user.dir" value="/Users/ky/IdeaProjects/pstl-upmc" />
    <property name="line.separator" value="&#xa;" />
    <property name="java.vm.name" value="Java HotSpot(TM) 64-Bit Server VM" />
    <property name="basedir" value="/Users/ky/IdeaProjects/pstl-upmc" />
    <property name="ant.java.version" value="1.8" />
    <property name="ant.core.lib" value="/Applications/IntelliJ IDEA.app/Contents/lib/ant/lib/ant.jar" />
    <property name="source" value="1.8" />
    <property name="file.encoding" value="UTF-8" />
    <property name="java.specification.version" value="1.8" />
    <property name="ant.project.invoked-targets" value="unitTest" />
  </properties>
  <error message="test.com.puck.reader.xml.ReaderTest" type="java.lang.ClassNotFoundException">java.lang.ClassNotFoundException: test.com.puck.reader.xml.ReaderTest
	at java.lang.ClassLoader.loadClass(ClassLoader.java:357)
	at java.lang.Class.forName0(Native Method)
	at java.lang.Class.forName(Class.java:348)
	at com.intellij.rt.ant.execution.AntMain2.main(AntMain2.java:30)
</error>
  <system-out><![CDATA[]]></system-out>
  <system-err><![CDATA[]]></system-err>
</testsuite>
