<?xml version="1.0" encoding="UTF-8"?>
<!-- Generated by org.testng.reporters.JUnitReportReporter -->
<testsuite hostname="macbook-pro-de-kaan.home" failures="0" tests="8" name="com.puck.nodes.piccolo2d.EdgeTest" time="0.017" errors="0" timestamp="16 May 2018 23:55:12 GMT" skipped="0">
  <testcase classname="com.puck.nodes.piccolo2d.EdgeTest" name="testGetFrom" time="0.012"/>
  <testcase classname="com.puck.nodes.piccolo2d.EdgeTest" name="testSetFrom" time="0.001"/>
  <testcase classname="com.puck.nodes.piccolo2d.EdgeTest" name="testGetType" time="0.000"/>
  <testcase classname="com.puck.nodes.piccolo2d.EdgeTest" name="testSetId" time="0.000"/>
  <testcase classname="com.puck.nodes.piccolo2d.EdgeTest" name="testSetTo" time="0.000"/>
  <testcase classname="com.puck.nodes.piccolo2d.EdgeTest" name="testGetTo" time="0.001"/>
  <testcase classname="com.puck.nodes.piccolo2d.EdgeTest" name="testSetType" time="0.002"/>
  <testcase classname="com.puck.nodes.piccolo2d.EdgeTest" name="testGetId" time="0.001"/>
</testsuite> <!-- com.puck.nodes.piccolo2d.EdgeTest -->
