<?xml version="1.0" encoding="UTF-8" ?>
<testsuite errors="3" failures="0" hostname="macbook-pro-de-kaan.home" name="com.puck.nodes.piccolo2d.test.NodeContentTest" skipped="0" tests="3" time="0.073" timestamp="2018-03-04T23:39:46">
  <properties>
    <property name="java.vendor" value="Oracle Corporation" />
    <property name="sun.java.launcher" value="SUN_STANDARD" />
    <property name="env.XPC_SERVICE_NAME" value="0" />
    <property name="sun.management.compiler" value="HotSpot 64-Bit Tiered Compilers" />
    <property name="os.name" value="Mac OS X" />
    <property name="ant.file.type.upmc-pstl" value="file" />
    <property name="sun.boot.class.path" value="/Library/Java/JavaVirtualMachines/jdk1.8.0_121.jdk/Contents/Home/jre/lib/resources.jar:/Library/Java/JavaVirtualMachines/jdk1.8.0_121.jdk/Contents/Home/jre/lib/rt.jar:/Library/Java/JavaVirtualMachines/jdk1.8.0_121.jdk/Contents/Home/jre/lib/sunrsasign.jar:/Library/Java/JavaVirtualMachines/jdk1.8.0_121.jdk/Contents/Home/jre/lib/jsse.jar:/Library/Java/JavaVirtualMachines/jdk1.8.0_121.jdk/Contents/Home/jre/lib/jce.jar:/Library/Java/JavaVirtualMachines/jdk1.8.0_121.jdk/Contents/Home/jre/lib/charsets.jar:/Library/Java/JavaVirtualMachines/jdk1.8.0_121.jdk/Contents/Home/jre/lib/jfr.jar:/Library/Java/JavaVirtualMachines/jdk1.8.0_121.jdk/Contents/Home/jre/classes" />
    <property name="env.TMPDIR" value="/var/folders/6q/2h15fgdx02n1x0l52hhh4z7r0000gn/T/" />
    <property name="env.PWD" value="/Users/ky/Documents/workspace/upmc-pstl" />
    <property name="env.LANG" value="fr_FR.UTF-8" />
    <property name="java.vm.specification.vendor" value="Oracle Corporation" />
    <property name="ant.home" value="/usr/local/Cellar/ant/1.10.2/libexec" />
    <property name="java.runtime.version" value="1.8.0_121-b13" />
    <property name="env.Apple_PubSub_Socket_Render" value="/private/tmp/com.apple.launchd.Ph1WGBIi7T/Render" />
    <property name="env.DISPLAY" value="/private/tmp/com.apple.launchd.rvltSyhHV4/org.macosforge.xquartz:0" />
    <property name="user.name" value="ky" />
    <property name="user.language.format" value="en" />
    <property name="env.USER" value="ky" />
    <property name="env.SHELL" value="/usr/local/bin/fish" />
    <property name="env.__CF_USER_TEXT_ENCODING" value="0x1F5:0x0:0x1" />
    <property name="env.PATH" value="/Users/ky/google-cloud-sdk/bin:/usr/local/bin:/usr/bin:/bin:/usr/sbin:/sbin:/opt/X11/bin:/usr/local/share/dotnet:/usr/local/go/bin:/Library/Frameworks/Mono.framework/Versions/Current/Commands:/Library/TeX/texbin" />
    <property name="user.language" value="fr" />
    <property name="sun.boot.library.path" value="/Library/Java/JavaVirtualMachines/jdk1.8.0_121.jdk/Contents/Home/jre/lib" />
    <property name="ant.project.default-target" value="build" />
    <property name="env.XPC_FLAGS" value="0x0" />
    <property name="ant.project.name" value="upmc-pstl" />
    <property name="env.LC_CTYPE" value="en_US.UTF-8" />
    <property name="java.version" value="1.8.0_121" />
    <property name="user.timezone" value="" />
    <property name="sun.arch.data.model" value="64" />
    <property name="http.nonProxyHosts" value="local|*.local|169.254/16|*.169.254/16" />
    <property name="java.endorsed.dirs" value="/Library/Java/JavaVirtualMachines/jdk1.8.0_121.jdk/Contents/Home/jre/lib/endorsed" />
    <property name="sun.cpu.isalist" value="" />
    <property name="sun.jnu.encoding" value="UTF-8" />
    <property name="file.encoding.pkg" value="sun.io" />
    <property name="env.SHLVL" value="3" />
    <property name="ECLIPSE_HOME" value="../../../../../Volumes/Eclipse/Eclipse.app/Contents/Eclipse/" />
    <property name="file.separator" value="/" />
    <property name="java.specification.name" value="Java Platform API Specification" />
    <property name="java.class.version" value="52.0" />
    <property name="user.country" value="FR" />
    <property name="java.home" value="/Library/Java/JavaVirtualMachines/jdk1.8.0_121.jdk/Contents/Home/jre" />
    <property name="env.JAVA_MAIN_CLASS_18496" value="org.apache.tools.ant.launch.Launcher" />
    <property name="java.vm.info" value="mixed mode" />
    <property name="env.LOGNAME" value="ky" />
    <property name="ant.file" value="/Users/ky/Documents/workspace/upmc-pstl/build.xml" />
    <property name="os.version" value="10.13.3" />
    <property name="env.TERM_PROGRAM_VERSION" value="1.20.1" />
    <property name="path.separator" value=":" />
    <property name="java.vm.version" value="25.121-b13" />
    <property name="ant.library.dir" value="/usr/local/Cellar/ant/1.10.2/libexec/lib" />
    <property name="junit.output.dir" value="junit" />
    <property name="java.awt.printerjob" value="sun.lwawt.macosx.CPrinterJob" />
    <property name="env.TERM" value="xterm-256color" />
    <property name="sun.io.unicode.encoding" value="UnicodeBig" />
    <property name="awt.toolkit" value="sun.lwawt.macosx.LWCToolkit" />
    <property name="env.VSCODE_NODE_CACHED_DATA_DIR_1172" value="/Users/ky/Library/Application Support/Code/CachedData/f88bbf9137d24d36d968ea6b2911786bfe103002" />
    <property name="socksNonProxyHosts" value="local|*.local|169.254/16|*.169.254/16" />
    <property name="ftp.nonProxyHosts" value="local|*.local|169.254/16|*.169.254/16" />
    <property name="user.home" value="/Users/ky" />
    <property name="target" value="1.8" />
    <property name="java.specification.vendor" value="Oracle Corporation" />
    <property name="env.TERM_PROGRAM" value="vscode" />
    <property name="java.library.path" value="/Users/ky/Library/Java/Extensions:/Library/Java/Extensions:/Network/Library/Java/Extensions:/System/Library/Java/Extensions:/usr/lib/java:." />
    <property name="java.vendor.url" value="http://java.oracle.com/" />
    <property name="java.vm.vendor" value="Oracle Corporation" />
    <property name="gopherProxySet" value="false" />
    <property name="java.runtime.name" value="Java(TM) SE Runtime Environment" />
    <property name="sun.java.command" value="org.apache.tools.ant.taskdefs.optional.junit.JUnitTestRunner com.puck.nodes.piccolo2d.test.NodeContentTest skipNonTests=false filtertrace=true haltOnError=false haltOnFailure=false formatter=org.apache.tools.ant.taskdefs.optional.junit.OutErrSummaryJUnitResultFormatter showoutput=false outputtoformatters=true logfailedtests=true threadid=0 logtestlistenerevents=false formatter=org.apache.tools.ant.taskdefs.optional.junit.XMLJUnitResultFormatter,/Users/ky/Documents/workspace/upmc-pstl/junit/TEST-com.puck.nodes.piccolo2d.test.NodeContentTest.xml crashfile=/Users/ky/Documents/workspace/upmc-pstl/junitvmwatcher8312896554175094534.properties propsfile=/Users/ky/Documents/workspace/upmc-pstl/junit5223682102168089335.properties" />
    <property name="java.class.path" value="/Users/ky/Documents/workspace/upmc-pstl/bin:/Users/ky/Documents/workspace/upmc-pstl/lib/junit.jar:/Users/ky/Documents/workspace/upmc-pstl/lib/org.apiguardian_1.0.0.v20170910-2246.jar:/Users/ky/Documents/workspace/upmc-pstl/lib/org.hamcrest.core_1.3.0.v201303031735.jar:/Users/ky/Documents/workspace/upmc-pstl/lib/org.junit.jupiter.api_5.0.0.v20170910-2246.jar:/Users/ky/Documents/workspace/upmc-pstl/lib/org.junit.jupiter.engine_5.0.0.v20170910-2246.jar:/Users/ky/Documents/workspace/upmc-pstl/lib/org.junit.jupiter.migrationsupport_5.0.0.v20170910-2246.jar:/Users/ky/Documents/workspace/upmc-pstl/lib/org.junit.jupiter.params_5.0.0.v20170910-2246.jar:/Users/ky/Documents/workspace/upmc-pstl/lib/org.junit.platform.commons_1.0.0.v20170910-2246.jar:/Users/ky/Documents/workspace/upmc-pstl/lib/org.junit.platform.engine_1.0.0.v20170910-2246.jar:/Users/ky/Documents/workspace/upmc-pstl/lib/org.junit.platform.launcher_1.0.0.v20170910-2246.jar:/Users/ky/Documents/workspace/upmc-pstl/lib/org.junit.platform.runner_1.0.0.v20170910-2246.jar:/Users/ky/Documents/workspace/upmc-pstl/lib/org.junit.platform.suite.api_1.0.0.v20170910-2246.jar:/Users/ky/Documents/workspace/upmc-pstl/lib/org.junit.vintage.engine_4.12.0.v20170910-2246.jar:/Users/ky/Documents/workspace/upmc-pstl/lib/org.opentest4j_1.0.0.v20170910-2246.jar:/Users/ky/Documents/workspace/upmc-pstl/lib/piccolo2d-core-3.1-SNAPSHOT.jar:/Users/ky/Documents/workspace/upmc-pstl/lib/piccolo2d-extras-3.1-SNAPSHOT.jar:/Users/ky/Documents/workspace/upmc-pstl/lib/piccolo2d-swt-3.1-SNAPSHOT.jar:/usr/local/Cellar/ant/1.10.2/libexec/lib/ant-launcher.jar:/usr/local/Cellar/ant/1.10.2/libexec/lib/ant.jar:/usr/local/Cellar/ant/1.10.2/libexec/lib/ant-junit.jar:/usr/local/Cellar/ant/1.10.2/libexec/lib/ant-junit4.jar" />
    <property name="ant.version" value="Apache Ant(TM) version 1.10.2 compiled on February 3 2018" />
    <property name="java.vm.specification.name" value="Java Virtual Machine Specification" />
    <property name="ant.file.type" value="file" />
    <property name="java.vm.specification.version" value="1.8" />
    <property name="sun.os.patch.level" value="unknown" />
    <property name="sun.cpu.endian" value="little" />
    <property name="env.HOME" value="/Users/ky" />
    <property name="debuglevel" value="source,lines,vars" />
    <property name="java.io.tmpdir" value="/var/folders/6q/2h15fgdx02n1x0l52hhh4z7r0000gn/T/" />
    <property name="java.vendor.url.bug" value="http://bugreport.sun.com/bugreport/" />
    <property name="ant.file.upmc-pstl" value="/Users/ky/Documents/workspace/upmc-pstl/build.xml" />
    <property name="env.SSH_AUTH_SOCK" value="/private/tmp/com.apple.launchd.wCiTT9PbM1/Listeners" />
    <property name="java.awt.graphicsenv" value="sun.awt.CGraphicsEnvironment" />
    <property name="os.arch" value="x86_64" />
    <property name="java.ext.dirs" value="/Users/ky/Library/Java/Extensions:/Library/Java/JavaVirtualMachines/jdk1.8.0_121.jdk/Contents/Home/jre/lib/ext:/Library/Java/Extensions:/Network/Library/Java/Extensions:/System/Library/Java/Extensions:/usr/lib/java" />
    <property name="user.dir" value="/Users/ky/Documents/workspace/upmc-pstl" />
    <property name="env.VSCODE_IPC_HOOK" value="/Users/ky/Library/Application Support/Code/1.20.1-main.sock" />
    <property name="env.VSCODE_NLS_CONFIG" value="{&quot;locale&quot;:&quot;fr&quot;,&quot;availableLanguages&quot;:{&quot;*&quot;:&quot;fr&quot;}}" />
    <property name="line.separator" value="&#xa;" />
    <property name="java.vm.name" value="Java HotSpot(TM) 64-Bit Server VM" />
    <property name="basedir" value="/Users/ky/Documents/workspace/upmc-pstl" />
    <property name="ant.java.version" value="1.8" />
    <property name="env.VSCODE_PID" value="1172" />
    <property name="ant.core.lib" value="/usr/local/Cellar/ant/1.10.2/libexec/lib/ant.jar" />
    <property name="source" value="1.8" />
    <property name="file.encoding" value="UTF-8" />
    <property name="java.specification.version" value="1.8" />
    <property name="ant.project.invoked-targets" value="InterfaceAffichageGrapheDeDependance" />
  </properties>
  <testcase classname="com.puck.nodes.piccolo2d.test.NodeContentTest" name="initializationError" time="0.0">
    <error message="The class com.puck.nodes.piccolo2d.test.NodeContentTest is not public." type="java.lang.Exception">java.lang.Exception: The class com.puck.nodes.piccolo2d.test.NodeContentTest is not public.
	at java.lang.reflect.Constructor.newInstance(Constructor.java:423)
</error>
    <error message="Test class should have exactly one public constructor" type="java.lang.Exception">java.lang.Exception: Test class should have exactly one public constructor
	at java.lang.reflect.Constructor.newInstance(Constructor.java:423)
</error>
    <error message="No runnable methods" type="java.lang.Exception">java.lang.Exception: No runnable methods
	at java.lang.reflect.Constructor.newInstance(Constructor.java:423)
</error>
  </testcase>
  <system-out><![CDATA[]]></system-out>
  <system-err><![CDATA[]]></system-err>
</testsuite>
