<?xml version="1.0" encoding="UTF-8" ?>
<testsuite errors="1" failures="0" hostname="macbook-pro-de-kaan.home" name="ReaderTest" skipped="0" tests="1" time="0.0" timestamp="2018-04-01T12:01:12">
  <properties>
    <property name="java.vendor" value="Oracle Corporation" />
    <property name="sun.java.launcher" value="SUN_STANDARD" />
    <property name="env.XPC_SERVICE_NAME" value="com.jetbrains.intellij.23696" />
    <property name="sun.management.compiler" value="HotSpot 64-Bit Tiered Compilers" />
    <property name="os.name" value="Mac OS X" />
    <property name="ant.file.type.upmc-pstl" value="file" />
    <property name="sun.boot.class.path" value="/Library/Java/JavaVirtualMachines/jdk1.8.0_121.jdk/Contents/Home/jre/lib/resources.jar:/Library/Java/JavaVirtualMachines/jdk1.8.0_121.jdk/Contents/Home/jre/lib/rt.jar:/Library/Java/JavaVirtualMachines/jdk1.8.0_121.jdk/Contents/Home/jre/lib/sunrsasign.jar:/Library/Java/JavaVirtualMachines/jdk1.8.0_121.jdk/Contents/Home/jre/lib/jsse.jar:/Library/Java/JavaVirtualMachines/jdk1.8.0_121.jdk/Contents/Home/jre/lib/jce.jar:/Library/Java/JavaVirtualMachines/jdk1.8.0_121.jdk/Contents/Home/jre/lib/charsets.jar:/Library/Java/JavaVirtualMachines/jdk1.8.0_121.jdk/Contents/Home/jre/lib/jfr.jar:/Library/Java/JavaVirtualMachines/jdk1.8.0_121.jdk/Contents/Home/jre/classes" />
    <property name="env.TMPDIR" value="/var/folders/6q/2h15fgdx02n1x0l52hhh4z7r0000gn/T/" />
    <property name="env.PWD" value="/Users/ky/IdeaProjects/pstl-upmc" />
    <property name="java.vm.specification.vendor" value="Oracle Corporation" />
    <property name="ant.home" value="/Applications/IntelliJ IDEA.app/Contents/lib/ant" />
    <property name="java.runtime.version" value="1.8.0_121-b13" />
    <property name="env.Apple_PubSub_Socket_Render" value="/private/tmp/com.apple.launchd.WGA6yTnEI5/Render" />
    <property name="env.DISPLAY" value="/private/tmp/com.apple.launchd.5T122DFHtr/org.macosforge.xquartz:0" />
    <property name="user.name" value="ky" />
    <property name="user.language.format" value="en" />
    <property name="env.USER" value="ky" />
    <property name="env.SHELL" value="/usr/local/bin/fish" />
    <property name="env.__CF_USER_TEXT_ENCODING" value="0x1F5:0x0:0x1" />
    <property name="env.PATH" value="/Users/ky/google-cloud-sdk/bin:/usr/local/bin:/usr/bin:/bin:/usr/sbin:/sbin:/opt/X11/bin:/usr/local/share/dotnet:/usr/local/go/bin:/Library/Frameworks/Mono.framework/Versions/Current/Commands:/Library/TeX/texbin" />
    <property name="user.language" value="fr" />
    <property name="sun.boot.library.path" value="/Library/Java/JavaVirtualMachines/jdk1.8.0_121.jdk/Contents/Home/jre/lib" />
    <property name="ant.project.default-target" value="build" />
    <property name="env.XPC_FLAGS" value="0x0" />
    <property name="env.JAVA_MAIN_CLASS_3781" value="com.intellij.rt.ant.execution.AntMain2" />
    <property name="ant.project.name" value="upmc-pstl" />
    <property name="env.LC_CTYPE" value="en_US.UTF-8" />
    <property name="java.version" value="1.8.0_121" />
    <property name="user.timezone" value="" />
    <property name="sun.arch.data.model" value="64" />
    <property name="http.nonProxyHosts" value="local|*.local|169.254/16|*.169.254/16" />
    <property name="java.endorsed.dirs" value="/Library/Java/JavaVirtualMachines/jdk1.8.0_121.jdk/Contents/Home/jre/lib/endorsed" />
    <property name="sun.cpu.isalist" value="" />
    <property name="sun.jnu.encoding" value="UTF-8" />
    <property name="file.encoding.pkg" value="sun.io" />
    <property name="ECLIPSE_HOME" value="../../../../../Volumes/Eclipse/Eclipse.app/Contents/Eclipse/" />
    <property name="file.separator" value="/" />
    <property name="java.specification.name" value="Java Platform API Specification" />
    <property name="java.class.version" value="52.0" />
    <property name="user.country" value="FR" />
    <property name="java.home" value="/Library/Java/JavaVirtualMachines/jdk1.8.0_121.jdk/Contents/Home/jre" />
    <property name="java.vm.info" value="mixed mode" />
    <property name="env.LOGNAME" value="ky" />
    <property name="ant.file" value="/Users/ky/IdeaProjects/pstl-upmc/build.xml" />
    <property name="os.version" value="10.13.3" />
    <property name="env.VERSIONER_PYTHON_PREFER_32_BIT" value="no" />
    <property name="path.separator" value=":" />
    <property name="java.vm.version" value="25.121-b13" />
    <property name="ant.library.dir" value="/Applications/IntelliJ IDEA.app/Contents/lib/ant/lib" />
    <property name="junit.output.dir" value="junit" />
    <property name="java.awt.printerjob" value="sun.lwawt.macosx.CPrinterJob" />
    <property name="sun.io.unicode.encoding" value="UnicodeBig" />
    <property name="awt.toolkit" value="sun.lwawt.macosx.LWCToolkit" />
    <property name="socksNonProxyHosts" value="local|*.local|169.254/16|*.169.254/16" />
    <property name="ftp.nonProxyHosts" value="local|*.local|169.254/16|*.169.254/16" />
    <property name="user.home" value="/Users/ky" />
    <property name="env.VERSIONER_PYTHON_VERSION" value="2.7" />
    <property name="target" value="1.8" />
    <property name="java.specification.vendor" value="Oracle Corporation" />
    <property name="java.library.path" value="/Users/ky/Library/Java/Extensions:/Library/Java/Extensions:/Network/Library/Java/Extensions:/System/Library/Java/Extensions:/usr/lib/java:." />
    <property name="java.vendor.url" value="http://java.oracle.com/" />
    <property name="java.vm.vendor" value="Oracle Corporation" />
    <property name="gopherProxySet" value="false" />
    <property name="java.runtime.name" value="Java(TM) SE Runtime Environment" />
    <property name="sun.java.command" value="org.apache.tools.ant.taskdefs.optional.junit.JUnitTestRunner ReaderTest skipNonTests=false filtertrace=true haltOnError=false haltOnFailure=true formatter=org.apache.tools.ant.taskdefs.optional.junit.OutErrSummaryJUnitResultFormatter showoutput=false outputtoformatters=true logfailedtests=true threadid=0 logtestlistenerevents=false formatter=org.apache.tools.ant.taskdefs.optional.junit.XMLJUnitResultFormatter,/Users/ky/IdeaProjects/pstl-upmc/junit/TEST-ReaderTest.xml crashfile=/Users/ky/IdeaProjects/pstl-upmc/junitvmwatcher8640336170027504608.properties propsfile=/Users/ky/IdeaProjects/pstl-upmc/junit6760052969947244238.properties" />
    <property name="java.class.path" value="/Users/ky/IdeaProjects/pstl-upmc/bin:/Users/ky/IdeaProjects/pstl-upmc/lib/junit.jar:/Users/ky/IdeaProjects/pstl-upmc/lib/org.apiguardian_1.0.0.v20170910-2246.jar:/Users/ky/IdeaProjects/pstl-upmc/lib/org.hamcrest.core_1.3.0.v201303031735.jar:/Users/ky/IdeaProjects/pstl-upmc/lib/org.junit.jupiter.api_5.0.0.v20170910-2246.jar:/Users/ky/IdeaProjects/pstl-upmc/lib/org.junit.jupiter.engine_5.0.0.v20170910-2246.jar:/Users/ky/IdeaProjects/pstl-upmc/lib/org.junit.jupiter.migrationsupport_5.0.0.v20170910-2246.jar:/Users/ky/IdeaProjects/pstl-upmc/lib/org.junit.jupiter.params_5.0.0.v20170910-2246.jar:/Users/ky/IdeaProjects/pstl-upmc/lib/org.junit.platform.commons_1.0.0.v20170910-2246.jar:/Users/ky/IdeaProjects/pstl-upmc/lib/org.junit.platform.engine_1.0.0.v20170910-2246.jar:/Users/ky/IdeaProjects/pstl-upmc/lib/org.junit.platform.launcher_1.0.0.v20170910-2246.jar:/Users/ky/IdeaProjects/pstl-upmc/lib/org.junit.platform.runner_1.0.0.v20170910-2246.jar:/Users/ky/IdeaProjects/pstl-upmc/lib/org.junit.platform.suite.api_1.0.0.v20170910-2246.jar:/Users/ky/IdeaProjects/pstl-upmc/lib/org.junit.vintage.engine_4.12.0.v20170910-2246.jar:/Users/ky/IdeaProjects/pstl-upmc/lib/org.opentest4j_1.0.0.v20170910-2246.jar:/Users/ky/IdeaProjects/pstl-upmc/lib/piccolo2d-core-3.1-SNAPSHOT.jar:/Users/ky/IdeaProjects/pstl-upmc/lib/piccolo2d-extras-3.1-SNAPSHOT.jar:/Users/ky/IdeaProjects/pstl-upmc/lib/piccolo2d-swt-3.1-SNAPSHOT.jar:/Applications/IntelliJ IDEA.app/Contents/lib/ant/lib/ant-launcher.jar:/Applications/IntelliJ IDEA.app/Contents/lib/ant/lib/ant.jar:/Applications/IntelliJ IDEA.app/Contents/lib/ant/lib/ant-junit.jar:/Applications/IntelliJ IDEA.app/Contents/lib/ant/lib/ant-junit4.jar" />
    <property name="ant.version" value="Apache Ant(TM) version 1.9.4 compiled on April 29 2014" />
    <property name="java.vm.specification.name" value="Java Virtual Machine Specification" />
    <property name="ant.file.type" value="file" />
    <property name="java.vm.specification.version" value="1.8" />
    <property name="sun.os.patch.level" value="unknown" />
    <property name="sun.cpu.endian" value="little" />
    <property name="env.HOME" value="/Users/ky" />
    <property name="debuglevel" value="source,lines,vars" />
    <property name="java.io.tmpdir" value="/var/folders/6q/2h15fgdx02n1x0l52hhh4z7r0000gn/T/" />
    <property name="java.vendor.url.bug" value="http://bugreport.sun.com/bugreport/" />
    <property name="ant.file.upmc-pstl" value="/Users/ky/IdeaProjects/pstl-upmc/build.xml" />
    <property name="env.SSH_AUTH_SOCK" value="/private/tmp/com.apple.launchd.n4IPGmP2ju/Listeners" />
    <property name="os.arch" value="x86_64" />
    <property name="java.awt.graphicsenv" value="sun.awt.CGraphicsEnvironment" />
    <property name="java.ext.dirs" value="/Users/ky/Library/Java/Extensions:/Library/Java/JavaVirtualMachines/jdk1.8.0_121.jdk/Contents/Home/jre/lib/ext:/Library/Java/Extensions:/Network/Library/Java/Extensions:/System/Library/Java/Extensions:/usr/lib/java" />
    <property name="user.dir" value="/Users/ky/IdeaProjects/pstl-upmc" />
    <property name="line.separator" value="&#xa;" />
    <property name="java.vm.name" value="Java HotSpot(TM) 64-Bit Server VM" />
    <property name="basedir" value="/Users/ky/IdeaProjects/pstl-upmc" />
    <property name="ant.java.version" value="1.8" />
    <property name="ant.core.lib" value="/Applications/IntelliJ IDEA.app/Contents/lib/ant/lib/ant.jar" />
    <property name="source" value="1.8" />
    <property name="file.encoding" value="UTF-8" />
    <property name="java.specification.version" value="1.8" />
    <property name="ant.project.invoked-targets" value="ReaderTest" />
  </properties>
  <error message="ReaderTest" type="java.lang.ClassNotFoundException">java.lang.ClassNotFoundException: ReaderTest
	at java.net.URLClassLoader.findClass(URLClassLoader.java:381)
	at java.lang.ClassLoader.loadClass(ClassLoader.java:424)
	at sun.misc.Launcher$AppClassLoader.loadClass(Launcher.java:331)
	at java.lang.ClassLoader.loadClass(ClassLoader.java:357)
	at java.lang.Class.forName0(Native Method)
	at java.lang.Class.forName(Class.java:264)
</error>
  <system-out><![CDATA[]]></system-out>
  <system-err><![CDATA[]]></system-err>
</testsuite>
