<?xml version="1.0" encoding="UTF-8" ?>
<testsuite errors="3" failures="0" hostname="macbook-pro-de-kaan.home" name="com.puck.nodes.piccolo2d.test.EdgeTest" skipped="0" tests="3" time="0.294" timestamp="2018-04-01T11:12:45">
  <properties>
    <property name="gopherProxySet" value="false" />
    <property name="awt.toolkit" value="sun.lwawt.macosx.LWCToolkit" />
    <property name="ant.library.dir" value="/usr/local/Cellar/ant/1.10.2/libexec/lib" />
    <property name="env.TERM" value="xterm-256color" />
    <property name="ant.file.type" value="file" />
    <property name="env.PWD" value="/Users/ky/IdeaProjects/pstl-upmc" />
    <property name="file.encoding.pkg" value="sun.io" />
    <property name="java.specification.version" value="9" />
    <property name="ant.project.name" value="upmc-pstl" />
    <property name="env.LC_CTYPE" value="fr_FR.UTF-8" />
    <property name="sun.cpu.isalist" value="" />
    <property name="sun.jnu.encoding" value="UTF-8" />
    <property name="java.class.path" value="/Users/ky/IdeaProjects/pstl-upmc/bin:/Users/ky/IdeaProjects/pstl-upmc/lib/junit.jar:/Users/ky/IdeaProjects/pstl-upmc/lib/org.apiguardian_1.0.0.v20170910-2246.jar:/Users/ky/IdeaProjects/pstl-upmc/lib/org.hamcrest.core_1.3.0.v201303031735.jar:/Users/ky/IdeaProjects/pstl-upmc/lib/org.junit.jupiter.api_5.0.0.v20170910-2246.jar:/Users/ky/IdeaProjects/pstl-upmc/lib/org.junit.jupiter.engine_5.0.0.v20170910-2246.jar:/Users/ky/IdeaProjects/pstl-upmc/lib/org.junit.jupiter.migrationsupport_5.0.0.v20170910-2246.jar:/Users/ky/IdeaProjects/pstl-upmc/lib/org.junit.jupiter.params_5.0.0.v20170910-2246.jar:/Users/ky/IdeaProjects/pstl-upmc/lib/org.junit.platform.commons_1.0.0.v20170910-2246.jar:/Users/ky/IdeaProjects/pstl-upmc/lib/org.junit.platform.engine_1.0.0.v20170910-2246.jar:/Users/ky/IdeaProjects/pstl-upmc/lib/org.junit.platform.launcher_1.0.0.v20170910-2246.jar:/Users/ky/IdeaProjects/pstl-upmc/lib/org.junit.platform.runner_1.0.0.v20170910-2246.jar:/Users/ky/IdeaProjects/pstl-upmc/lib/org.junit.platform.suite.api_1.0.0.v20170910-2246.jar:/Users/ky/IdeaProjects/pstl-upmc/lib/org.junit.vintage.engine_4.12.0.v20170910-2246.jar:/Users/ky/IdeaProjects/pstl-upmc/lib/org.opentest4j_1.0.0.v20170910-2246.jar:/Users/ky/IdeaProjects/pstl-upmc/lib/piccolo2d-core-3.1-SNAPSHOT.jar:/Users/ky/IdeaProjects/pstl-upmc/lib/piccolo2d-extras-3.1-SNAPSHOT.jar:/Users/ky/IdeaProjects/pstl-upmc/lib/piccolo2d-swt-3.1-SNAPSHOT.jar:/usr/local/Cellar/ant/1.10.2/libexec/lib/ant-launcher.jar:/usr/local/Cellar/ant/1.10.2/libexec/lib/ant.jar:/usr/local/Cellar/ant/1.10.2/libexec/lib/ant-junit.jar:/usr/local/Cellar/ant/1.10.2/libexec/lib/ant-junit4.jar" />
    <property name="env.HOME" value="/Users/ky" />
    <property name="source" value="1.8" />
    <property name="java.vm.vendor" value="Oracle Corporation" />
    <property name="ant.file.type.upmc-pstl" value="file" />
    <property name="sun.arch.data.model" value="64" />
    <property name="debuglevel" value="source,lines,vars" />
    <property name="java.vendor.url" value="http://java.oracle.com/" />
    <property name="user.timezone" value="" />
    <property name="env.JAVA_MAIN_CLASS_3210" value="org.apache.tools.ant.launch.Launcher" />
    <property name="os.name" value="Mac OS X" />
    <property name="java.vm.specification.version" value="9" />
    <property name="env.DISPLAY" value="/private/tmp/com.apple.launchd.5T122DFHtr/org.macosforge.xquartz:0" />
    <property name="sun.java.launcher" value="SUN_STANDARD" />
    <property name="user.country" value="FR" />
    <property name="sun.boot.library.path" value="/Library/Java/JavaVirtualMachines/jdk-9.0.4.jdk/Contents/Home/lib" />
    <property name="sun.java.command" value="org.apache.tools.ant.taskdefs.optional.junit.JUnitTestRunner com.puck.nodes.piccolo2d.test.EdgeTest skipNonTests=false filtertrace=true haltOnError=false haltOnFailure=true formatter=org.apache.tools.ant.taskdefs.optional.junit.OutErrSummaryJUnitResultFormatter showoutput=false outputtoformatters=true logfailedtests=true threadid=0 logtestlistenerevents=false formatter=org.apache.tools.ant.taskdefs.optional.junit.XMLJUnitResultFormatter,/Users/ky/IdeaProjects/pstl-upmc/junit/TEST-com.puck.nodes.piccolo2d.test.EdgeTest.xml crashfile=/Users/ky/IdeaProjects/pstl-upmc/junitvmwatcher15531972876870041471.properties propsfile=/Users/ky/IdeaProjects/pstl-upmc/junit17976878276695556832.properties" />
    <property name="http.nonProxyHosts" value="local|*.local|169.254/16|*.169.254/16" />
    <property name="jdk.debug" value="release" />
    <property name="sun.cpu.endian" value="little" />
    <property name="user.home" value="/Users/ky" />
    <property name="user.language" value="fr" />
    <property name="java.specification.vendor" value="Oracle Corporation" />
    <property name="java.home" value="/Library/Java/JavaVirtualMachines/jdk-9.0.4.jdk/Contents/Home" />
    <property name="file.separator" value="/" />
    <property name="basedir" value="/Users/ky/IdeaProjects/pstl-upmc" />
    <property name="java.vm.compressedOopsMode" value="Zero based" />
    <property name="line.separator" value="&#xa;" />
    <property name="ant.java.version" value="9" />
    <property name="java.specification.name" value="Java Platform API Specification" />
    <property name="java.vm.specification.vendor" value="Oracle Corporation" />
    <property name="java.awt.graphicsenv" value="sun.awt.CGraphicsEnvironment" />
    <property name="ant.file.upmc-pstl" value="/Users/ky/IdeaProjects/pstl-upmc/build.xml" />
    <property name="env.Apple_PubSub_Socket_Render" value="/private/tmp/com.apple.launchd.WGA6yTnEI5/Render" />
    <property name="env.XPC_SERVICE_NAME" value="0" />
    <property name="sun.management.compiler" value="HotSpot 64-Bit Tiered Compilers" />
    <property name="ftp.nonProxyHosts" value="local|*.local|169.254/16|*.169.254/16" />
    <property name="java.runtime.version" value="9.0.4+11" />
    <property name="user.name" value="ky" />
    <property name="ant.file" value="/Users/ky/IdeaProjects/pstl-upmc/build.xml" />
    <property name="env.PATH" value="/Users/ky/google-cloud-sdk/bin:/usr/local/bin:/usr/bin:/bin:/usr/sbin:/sbin:/opt/X11/bin:/usr/local/share/dotnet:/usr/local/go/bin:/Library/Frameworks/Mono.framework/Versions/Current/Commands:/Library/TeX/texbin" />
    <property name="path.separator" value=":" />
    <property name="os.version" value="10.13.3" />
    <property name="env.LOGNAME" value="ky" />
    <property name="env.XPC_FLAGS" value="0x0" />
    <property name="java.runtime.name" value="Java(TM) SE Runtime Environment" />
    <property name="env.__CF_USER_TEXT_ENCODING" value="0x1F5:0x0:0x1" />
    <property name="file.encoding" value="UTF-8" />
    <property name="ant.project.invoked-targets" value="tests:edge" />
    <property name="java.vm.name" value="Java HotSpot(TM) 64-Bit Server VM" />
    <property name="ECLIPSE_HOME" value="../../../../../Volumes/Eclipse/Eclipse.app/Contents/Eclipse/" />
    <property name="env.SHELL" value="/usr/local/bin/fish" />
    <property name="env.SHLVL" value="2" />
    <property name="ant.core.lib" value="/usr/local/Cellar/ant/1.10.2/libexec/lib/ant.jar" />
    <property name="java.vendor.url.bug" value="http://bugreport.java.com/bugreport/" />
    <property name="java.io.tmpdir" value="/var/folders/6q/2h15fgdx02n1x0l52hhh4z7r0000gn/T/" />
    <property name="java.version" value="9.0.4" />
    <property name="user.dir" value="/Users/ky/IdeaProjects/pstl-upmc" />
    <property name="env.SSH_AUTH_SOCK" value="/private/tmp/com.apple.launchd.n4IPGmP2ju/Listeners" />
    <property name="os.arch" value="x86_64" />
    <property name="java.vm.specification.name" value="Java Virtual Machine Specification" />
    <property name="user.language.format" value="en" />
    <property name="java.awt.printerjob" value="sun.lwawt.macosx.CPrinterJob" />
    <property name="ant.home" value="/usr/local/Cellar/ant/1.10.2/libexec" />
    <property name="sun.os.patch.level" value="unknown" />
    <property name="target" value="1.8" />
    <property name="junit.output.dir" value="junit" />
    <property name="ant.version" value="Apache Ant(TM) version 1.10.2 compiled on February 3 2018" />
    <property name="env.TMPDIR" value="/var/folders/6q/2h15fgdx02n1x0l52hhh4z7r0000gn/T/" />
    <property name="java.library.path" value="/Users/ky/Library/Java/Extensions:/Library/Java/Extensions:/Network/Library/Java/Extensions:/System/Library/Java/Extensions:/usr/lib/java:." />
    <property name="java.vm.info" value="mixed mode" />
    <property name="java.vendor" value="Oracle Corporation" />
    <property name="java.vm.version" value="9.0.4+11" />
    <property name="sun.io.unicode.encoding" value="UnicodeBig" />
    <property name="java.class.version" value="53.0" />
    <property name="socksNonProxyHosts" value="local|*.local|169.254/16|*.169.254/16" />
    <property name="env.USER" value="ky" />
    <property name="ant.project.default-target" value="build" />
  </properties>
  <testcase classname="com.puck.nodes.piccolo2d.test.EdgeTest" name="initializationError" time="0.002">
    <error message="The class com.puck.nodes.piccolo2d.test.EdgeTest is not public." type="java.lang.Exception">java.lang.Exception: The class com.puck.nodes.piccolo2d.test.EdgeTest is not public.
	at java.base/jdk.internal.reflect.NativeConstructorAccessorImpl.newInstance0(Native Method)
	at java.base/jdk.internal.reflect.NativeConstructorAccessorImpl.newInstance(NativeConstructorAccessorImpl.java:62)
	at java.base/jdk.internal.reflect.DelegatingConstructorAccessorImpl.newInstance(DelegatingConstructorAccessorImpl.java:45)
	at java.base/java.lang.reflect.Constructor.newInstance(Constructor.java:488)
</error>
    <error message="Test class should have exactly one public constructor" type="java.lang.Exception">java.lang.Exception: Test class should have exactly one public constructor
	at java.base/jdk.internal.reflect.NativeConstructorAccessorImpl.newInstance0(Native Method)
	at java.base/jdk.internal.reflect.NativeConstructorAccessorImpl.newInstance(NativeConstructorAccessorImpl.java:62)
	at java.base/jdk.internal.reflect.DelegatingConstructorAccessorImpl.newInstance(DelegatingConstructorAccessorImpl.java:45)
	at java.base/java.lang.reflect.Constructor.newInstance(Constructor.java:488)
</error>
    <error message="No runnable methods" type="java.lang.Exception">java.lang.Exception: No runnable methods
	at java.base/jdk.internal.reflect.NativeConstructorAccessorImpl.newInstance0(Native Method)
	at java.base/jdk.internal.reflect.NativeConstructorAccessorImpl.newInstance(NativeConstructorAccessorImpl.java:62)
	at java.base/jdk.internal.reflect.DelegatingConstructorAccessorImpl.newInstance(DelegatingConstructorAccessorImpl.java:45)
	at java.base/java.lang.reflect.Constructor.newInstance(Constructor.java:488)
</error>
  </testcase>
  <system-out><![CDATA[]]></system-out>
  <system-err><![CDATA[]]></system-err>
</testsuite>
